<?xml version="1.0" encoding="UTF-8"?>
<!-- Generated by org.testng.reporters.JUnitReportReporter -->
<testsuite hostname="DESKTOP-Venky" failures="0" tests="4" name="testNG.Grouping_TestCases142" time="0.044" errors="0" timestamp="2024-09-25T11:43:31 IST" skipped="0">
  <testcase classname="testNG.Grouping_TestCases142" name="loginApplcation" time="0.005"/>
  <system-out/>
  <testcase classname="testNG.Grouping_TestCases142" name="searching" time="0.002"/>
  <system-out/>
  <testcase classname="testNG.Grouping_TestCases142" name="launchtheBrowser" time="0.031"/>
  <system-out/>
  <testcase classname="testNG.Grouping_TestCases142" name="logoutApplication" time="0.006"/>
  <system-out/>
</testsuite> <!-- testNG.Grouping_TestCases142 -->
