<?xml version="1.0" encoding="UTF-8"?>
<!-- Generated by org.testng.reporters.JUnitReportReporter -->
<testsuite hostname="DESKTOP-Venky" failures="0" tests="5" name="testNG.GrotechRegistration_DataProvider125" time="183.666" errors="0" timestamp="2024-09-22T19:31:10 IST" skipped="0">
  <testcase classname="testNG.GrotechRegistration_DataProvider125" name="registrationForm" time="34.721"/>
  <system-out/>
  <testcase classname="testNG.GrotechRegistration_DataProvider125" name="registrationForm" time="26.222"/>
  <system-out/>
  <testcase classname="testNG.GrotechRegistration_DataProvider125" name="registrationForm" time="55.115"/>
  <system-out/>
  <testcase classname="testNG.GrotechRegistration_DataProvider125" name="registrationForm" time="39.006"/>
  <system-out/>
  <testcase classname="testNG.GrotechRegistration_DataProvider125" name="registrationForm" time="28.602"/>
  <system-out/>
</testsuite> <!-- testNG.GrotechRegistration_DataProvider125 -->
