<?xml version="1.0" encoding="UTF-8"?>
<!-- Generated by org.testng.reporters.JUnitReportReporter -->
<testsuite hostname="DESKTOP-Venky" failures="0" tests="1" name="testNG.Amazon_Search_Wishlist_Payment130" time="53.759" errors="0" timestamp="2024-09-23T11:53:04 IST" skipped="0">
  <testcase classname="testNG.Amazon_Search_Wishlist_Payment130" name="amazonLogin" time="53.759"/>
  <system-out/>
</testsuite> <!-- testNG.Amazon_Search_Wishlist_Payment130 -->
