<?xml version="1.0" encoding="UTF-8"?>
<!-- Generated by org.testng.reporters.JUnitReportReporter -->
<testsuite hostname="DESKTOP-Venky" failures="0" tests="1" name="testNG.GoogleRightClick_Robot" time="17.127" errors="0" timestamp="2024-09-26T08:15:02 IST" skipped="0">
  <testcase classname="testNG.GoogleRightClick_Robot" name="google" time="17.127"/>
  <system-out/>
</testsuite> <!-- testNG.GoogleRightClick_Robot -->
