<?xml version="1.0" encoding="UTF-8"?>
<!-- Generated by org.testng.reporters.JUnitReportReporter -->
<testsuite hostname="DESKTOP-Venky" failures="0" tests="1" name="testNG.RunPrograam_HeadLessMode" time="7.916" errors="0" timestamp="2024-09-26T07:06:59 IST" skipped="0">
  <testcase classname="testNG.RunPrograam_HeadLessMode" name="launchBrowser" time="7.916"/>
  <system-out/>
</testsuite> <!-- testNG.RunPrograam_HeadLessMode -->
