<?xml version="1.0" encoding="UTF-8"?>
<!-- Generated by org.testng.reporters.JUnitReportReporter -->
<testsuite hostname="DESKTOP-Venky" failures="0" tests="2" name="testNG.Login_Amazon_InvocationCount_117" time="33.476" errors="0" timestamp="2024-09-21T22:03:18 IST" skipped="0">
  <testcase classname="testNG.Login_Amazon_InvocationCount_117" name="googleSearchInput" time="20.105"/>
  <system-out/>
  <testcase classname="testNG.Login_Amazon_InvocationCount_117" name="googleSearchInput" time="13.371"/>
  <system-out/>
</testsuite> <!-- testNG.Login_Amazon_InvocationCount_117 -->
