<?xml version="1.0" encoding="UTF-8"?>
<!-- Generated by org.testng.reporters.JUnitReportReporter -->
<testsuite hostname="DESKTOP-Venky" failures="0" tests="7" name="testNG.TestCase_Priority_InvocationCount_119" time="0.048" errors="0" timestamp="2024-09-25T12:59:50 IST" skipped="0">
  <testcase classname="testNG.TestCase_Priority_InvocationCount_119" name="login" time="0.024"/>
  <system-out/>
  <testcase classname="testNG.TestCase_Priority_InvocationCount_119" name="logout" time="0.006"/>
  <system-out/>
  <testcase classname="testNG.TestCase_Priority_InvocationCount_119" name="search" time="0.004"/>
  <system-out/>
  <testcase classname="testNG.TestCase_Priority_InvocationCount_119" name="search" time="0.002"/>
  <system-out/>
  <testcase classname="testNG.TestCase_Priority_InvocationCount_119" name="search" time="0.005"/>
  <system-out/>
  <testcase classname="testNG.TestCase_Priority_InvocationCount_119" name="search" time="0.003"/>
  <system-out/>
  <testcase classname="testNG.TestCase_Priority_InvocationCount_119" name="search" time="0.004"/>
  <system-out/>
</testsuite> <!-- testNG.TestCase_Priority_InvocationCount_119 -->
