<?xml version="1.0" encoding="UTF-8"?>
<!-- Generated by org.testng.reporters.JUnitReportReporter -->
<testsuite hostname="DESKTOP-Venky" failures="0" tests="1" name="testNG.ScrollAmazonVisible151" time="20.394" errors="0" timestamp="2024-09-26T18:56:47 IST" skipped="0">
  <testcase classname="testNG.ScrollAmazonVisible151" name="amazonLogin" time="20.394"/>
  <system-out/>
</testsuite> <!-- testNG.ScrollAmazonVisible151 -->
