<?xml version="1.0" encoding="UTF-8"?>
<!-- Generated by org.testng.reporters.JUnitReportReporter -->
<testsuite hostname="DESKTOP-Venky" failures="0" tests="2" name="testNG.LoginAmazon" time="58.441" errors="0" timestamp="2024-09-22T13:13:21 IST" skipped="0">
  <testcase classname="testNG.LoginAmazon" name="searchProduct" time="30.441"/>
  <system-out/>
  <testcase classname="testNG.LoginAmazon" name="selectProduct" time="28.000"/>
  <system-out/>
</testsuite> <!-- testNG.LoginAmazon -->
