<?xml version="1.0" encoding="UTF-8"?>
<!-- Generated by org.testng.reporters.JUnitReportReporter -->
<testsuite hostname="DESKTOP-Venky" failures="0" tests="3" name="testNG.TestCase_Enabled_Disabled_118" time="0.048" errors="0" timestamp="2024-09-25T12:59:19 IST" skipped="1">
  <testcase classname="testNG.TestCase_Enabled_Disabled_118" name="logout" time="0.010"/>
  <system-out/>
  <testcase classname="testNG.TestCase_Enabled_Disabled_118" name="login" time="0.038"/>
  <system-out/>
  <testcase classname="testNG.TestCase_Enabled_Disabled_118" name="search">
    <skipped/>
  </testcase> <!-- search -->
  <system-out/>
</testsuite> <!-- testNG.TestCase_Enabled_Disabled_118 -->
