<?xml version="1.0" encoding="UTF-8"?>
<!-- Generated by org.testng.reporters.JUnitReportReporter -->
<testsuite hostname="DESKTOP-Venky" failures="0" tests="1" name="testNG.LaunchMultipleBrowsers_121" time="19.051" errors="0" timestamp="2024-09-22T13:44:08 IST" skipped="0">
  <testcase classname="testNG.LaunchMultipleBrowsers_121" name="Login" time="19.051"/>
  <system-out/>
</testsuite> <!-- testNG.LaunchMultipleBrowsers_121 -->
