<?xml version="1.0" encoding="UTF-8"?>
<!-- Generated by org.testng.reporters.JUnitReportReporter -->
<testsuite hostname="DESKTOP-Venky" failures="0" tests="3" name="testNG.DataProvider_IntType123" time="0.029" errors="0" timestamp="2024-09-22T17:18:51 IST" skipped="0">
  <testcase classname="testNG.DataProvider_IntType123" name="numberData" time="0.003"/>
  <system-out/>
  <testcase classname="testNG.DataProvider_IntType123" name="numberData" time="0.005"/>
  <system-out/>
  <testcase classname="testNG.DataProvider_IntType123" name="numberData" time="0.021"/>
  <system-out/>
</testsuite> <!-- testNG.DataProvider_IntType123 -->
