<?xml version="1.0" encoding="UTF-8"?>
<!-- Generated by org.testng.reporters.JUnitReportReporter -->
<testsuite hostname="DESKTOP-Venky" failures="0" tests="3" name="testNG.LoginFB_TwoSetofData140" time="27.398" errors="0" timestamp="2024-09-25T10:10:47 IST" skipped="0">
  <testcase classname="testNG.LoginFB_TwoSetofData140" name="excelData" time="1.329"/>
  <system-out/>
  <testcase classname="testNG.LoginFB_TwoSetofData140" name="fbLoginExcelSheet" time="10.612"/>
  <system-out/>
  <testcase classname="testNG.LoginFB_TwoSetofData140" name="fbLoginDataprovider" time="15.457"/>
  <system-out/>
</testsuite> <!-- testNG.LoginFB_TwoSetofData140 -->
