<?xml version="1.0" encoding="UTF-8"?>
<!-- Generated by org.testng.reporters.JUnitReportReporter -->
<testsuite hostname="DESKTOP-Venky" failures="0" tests="1" name="testNG.Naukri_Registration_ParentChildWindow132" time="18.766" errors="0" timestamp="2024-09-25T13:36:22 IST" skipped="0">
  <testcase classname="testNG.Naukri_Registration_ParentChildWindow132" name="naukriLogin" time="18.766"/>
  <system-out/>
</testsuite> <!-- testNG.Naukri_Registration_ParentChildWindow132 -->
