<?xml version="1.0" encoding="UTF-8"?>
<!-- Generated by org.testng.reporters.JUnitReportReporter -->
<testsuite hostname="DESKTOP-Venky" failures="0" tests="3" name="testNG.LaunchAmazon_SearchProducts_DataDriven" time="59.157" errors="0" timestamp="2024-09-22T14:01:34 IST" skipped="0">
  <testcase classname="testNG.LaunchAmazon_SearchProducts_DataDriven" name="amazonSearchProduct" time="18.998"/>
  <system-out/>
  <testcase classname="testNG.LaunchAmazon_SearchProducts_DataDriven" name="amazonSearchProduct" time="20.285"/>
  <system-out/>
  <testcase classname="testNG.LaunchAmazon_SearchProducts_DataDriven" name="amazonSearchProduct" time="19.874"/>
  <system-out/>
</testsuite> <!-- testNG.LaunchAmazon_SearchProducts_DataDriven -->
