<?xml version="1.0" encoding="UTF-8"?>
<!-- Generated by org.testng.reporters.JUnitReportReporter -->
<testsuite hostname="DESKTOP-Venky" failures="0" tests="1" name="testNG.Amazon_Coordinates150" time="16.880" errors="0" timestamp="2024-09-26T18:55:50 IST" skipped="0">
  <testcase classname="testNG.Amazon_Coordinates150" name="amazonLogin" time="16.880"/>
  <system-out/>
</testsuite> <!-- testNG.Amazon_Coordinates150 -->
