<?xml version="1.0" encoding="UTF-8"?>
<!-- Generated by org.testng.reporters.JUnitReportReporter -->
<testsuite hostname="DESKTOP-Venky" failures="0" tests="1" name="testNG.Assert_PassTestCase128" time="10.197" errors="0" timestamp="2024-09-22T22:13:38 IST" skipped="0">
  <testcase classname="testNG.Assert_PassTestCase128" name="assertPass" time="10.197"/>
  <system-out/>
</testsuite> <!-- testNG.Assert_PassTestCase128 -->
