<?xml version="1.0" encoding="UTF-8"?>
<!-- Generated by org.testng.reporters.JUnitReportReporter -->
<testsuite hostname="DESKTOP-Venky" failures="0" tests="2" name="testNG.AmazonLogin_NumaricUNStringPwd139" time="21.014" errors="0" timestamp="2024-09-25T09:17:06 IST" skipped="0">
  <testcase classname="testNG.AmazonLogin_NumaricUNStringPwd139" name="loadExcelData" time="1.374"/>
  <system-out/>
  <testcase classname="testNG.AmazonLogin_NumaricUNStringPwd139" name="amazon_Login" time="19.640"/>
  <system-out/>
</testsuite> <!-- testNG.AmazonLogin_NumaricUNStringPwd139 -->
