<?xml version="1.0" encoding="UTF-8"?>
<!-- Generated by org.testng.reporters.JUnitReportReporter -->
<testsuite hostname="DESKTOP-Venky" failures="0" tests="1" name="testNG.Amazon_Logout_Assertion131" time="29.436" errors="0" timestamp="2024-09-23T12:26:36 IST" skipped="0">
  <testcase classname="testNG.Amazon_Logout_Assertion131" name="amzon_Login" time="29.436"/>
  <system-out/>
</testsuite> <!-- testNG.Amazon_Logout_Assertion131 -->
