<?xml version="1.0" encoding="UTF-8"?>
<!-- Generated by org.testng.reporters.JUnitReportReporter -->
<testsuite hostname="DESKTOP-Venky" failures="0" tests="1" name="testNG.RunPrograam_HeadLessMode146" time="11.561" errors="0" timestamp="2024-09-26T16:02:50 IST" skipped="0">
  <testcase classname="testNG.RunPrograam_HeadLessMode146" name="launchBrowser" time="11.561"/>
  <system-out/>
</testsuite> <!-- testNG.RunPrograam_HeadLessMode146 -->
