<?xml version="1.0" encoding="UTF-8"?>
<!-- Generated by org.testng.reporters.JUnitReportReporter -->
<testsuite hostname="DESKTOP-Venky" failures="0" tests="1" name="testNG.FBLogin_AddFriend" time="46.854" errors="0" timestamp="2024-09-26T20:32:42 IST" skipped="0">
  <testcase classname="testNG.FBLogin_AddFriend" name="facebookAddFriend" time="46.854"/>
  <system-out/>
</testsuite> <!-- testNG.FBLogin_AddFriend -->
