<?xml version="1.0" encoding="UTF-8"?>
<!-- Generated by org.testng.reporters.JUnitReportReporter -->
<testsuite hostname="DESKTOP-Venky" failures="0" tests="1" name="fb_test.Login_Facebook" time="18.258" errors="0" timestamp="2024-09-26T20:51:45 IST" skipped="0">
  <testcase classname="fb_test.Login_Facebook" name="logintoFacebook" time="18.258"/>
  <system-out/>
</testsuite> <!-- fb_test.Login_Facebook -->
