<?xml version="1.0" encoding="UTF-8"?>
<!-- Generated by org.testng.reporters.JUnitReportReporter -->
<testsuite hostname="DESKTOP-Venky" failures="0" tests="2" name="testNG.MultipleTestCases_Together_120" time="106.144" errors="0" timestamp="2024-09-25T13:22:32 IST" skipped="0">
  <testcase classname="testNG.MultipleTestCases_Together_120" name="loginAamzon" time="47.630"/>
  <system-out/>
  <testcase classname="testNG.MultipleTestCases_Together_120" name="searchProduct" time="58.514"/>
  <system-out/>
</testsuite> <!-- testNG.MultipleTestCases_Together_120 -->
