<?xml version="1.0" encoding="UTF-8"?>
<!-- Generated by org.testng.reporters.JUnitReportReporter -->
<testsuite hostname="DESKTOP-Venky" failures="0" tests="2" name="testNG.AmazonLogin_ExcelInput135" time="22.403" errors="0" timestamp="2024-09-25T09:01:42 IST" skipped="0">
  <testcase classname="testNG.AmazonLogin_ExcelInput135" name="loadExcelData" time="1.297"/>
  <system-out/>
  <testcase classname="testNG.AmazonLogin_ExcelInput135" name="amazon_Login" time="21.106"/>
  <system-out/>
</testsuite> <!-- testNG.AmazonLogin_ExcelInput135 -->
