<?xml version="1.0" encoding="UTF-8"?>
<!-- Generated by org.testng.reporters.JUnitReportReporter -->
<testsuite hostname="DESKTOP-Venky" failures="0" tests="1" name="amazon120.AmazonLogin" time="22.147" errors="0" timestamp="2024-09-22T13:33:02 IST" skipped="0">
  <testcase classname="amazon120.AmazonLogin" name="login" time="22.147"/>
  <system-out/>
</testsuite> <!-- amazon120.AmazonLogin -->
