<?xml version="1.0" encoding="UTF-8"?>
<!-- Generated by org.testng.reporters.JUnitReportReporter -->
<testsuite hostname="DESKTOP-Venky" failures="0" tests="1" name="fb_test.Registration_FaceBook" time="17.817" errors="0" timestamp="2024-09-26T20:51:45 IST" skipped="0">
  <testcase classname="fb_test.Registration_FaceBook" name="registrationFB" time="17.817"/>
  <system-out/>
</testsuite> <!-- fb_test.Registration_FaceBook -->
