<?xml version="1.0" encoding="UTF-8"?>
<!-- Generated by org.testng.reporters.JUnitReportReporter -->
<testsuite hostname="DESKTOP-Venky" failures="0" tests="1" name="testNG.Amazon_Assertion129" time="16.718" errors="0" timestamp="2024-09-22T22:17:57 IST" skipped="0">
  <testcase classname="testNG.Amazon_Assertion129" name="amazonTitle" time="16.718"/>
  <system-out/>
</testsuite> <!-- testNG.Amazon_Assertion129 -->
