<?xml version="1.0" encoding="UTF-8"?>
<!-- Generated by org.testng.reporters.JUnitReportReporter -->
<testsuite hostname="DESKTOP-Venky" failures="0" tests="1" name="testNG.Login_Amazon_TestAnnotation_116" time="21.508" errors="0" timestamp="2024-09-25T12:58:17 IST" skipped="0">
  <testcase classname="testNG.Login_Amazon_TestAnnotation_116" name="login_Amazon" time="21.508"/>
  <system-out/>
</testsuite> <!-- testNG.Login_Amazon_TestAnnotation_116 -->
